<?xml version="1.0" encoding="UTF-8"?>
<!-- Generated by org.testng.reporters.JUnitReportReporter -->
<testsuite skipped="0" hostname="DESKTOP-0FC8C65" name="com.Facebook.testCases.LoginPageTest" tests="3" failures="0" timestamp="2021-02-09T20:57:56 CST" time="0.212" errors="0">
  <testcase name="testemailField" time="0.088" classname="com.Facebook.testCases.LoginPageTest"/>
  <system-out/>
  <testcase name="testepassword" time="0.067" classname="com.Facebook.testCases.LoginPageTest"/>
  <system-out/>
  <testcase name="testloginButton" time="0.057" classname="com.Facebook.testCases.LoginPageTest"/>
  <system-out/>
</testsuite> <!-- com.Facebook.testCases.LoginPageTest -->
